[debug] [2021-12-21T21:41:28.369Z] ----------------------------------------------------------------------
[debug] [2021-12-21T21:41:28.373Z] Command:       /usr/local/bin/node /usr/local/bin/firebase deploy
[debug] [2021-12-21T21:41:28.374Z] CLI Version:   9.23.3
[debug] [2021-12-21T21:41:28.375Z] Platform:      darwin
[debug] [2021-12-21T21:41:28.375Z] Node Version:  v16.13.0
[debug] [2021-12-21T21:41:28.388Z] Time:          Tue Dec 21 2021 13:41:28 GMT-0800 (Pacific Standard Time)
[debug] [2021-12-21T21:41:28.388Z] ----------------------------------------------------------------------
[debug] 
[debug] [2021-12-21T21:41:28.475Z] > command requires scopes: ["email","openid","https://www.googleapis.com/auth/cloudplatformprojects.readonly","https://www.googleapis.com/auth/firebase","https://www.googleapis.com/auth/cloud-platform"]
[debug] [2021-12-21T21:41:28.475Z] > authorizing via signed-in user (bilal.abraham.717@gmail.com)
[debug] [2021-12-21T21:41:28.476Z] [iam] checking project the-evergreen-project for permissions ["firebase.projects.get","firebasehosting.sites.update"]
[debug] [2021-12-21T21:41:28.478Z] > refreshing access token with scopes: ["email","https://www.googleapis.com/auth/cloud-platform","https://www.googleapis.com/auth/cloudplatformprojects.readonly","https://www.googleapis.com/auth/firebase","openid"]
[debug] [2021-12-21T21:41:28.479Z] >>> HTTP REQUEST POST https://www.googleapis.com/oauth2/v3/token  
 <request body omitted>
[debug] [2021-12-21T21:41:28.719Z] <<< HTTP RESPONSE 200 {"pragma":"no-cache","date":"Tue, 21 Dec 2021 21:41:28 GMT","cache-control":"no-cache, no-store, max-age=0, must-revalidate","expires":"Mon, 01 Jan 1990 00:00:00 GMT","content-type":"application/json; charset=utf-8","vary":"X-Origin, Referer, Origin,Accept-Encoding","server":"scaffolding on HTTPServer2","x-xss-protection":"0","x-frame-options":"SAMEORIGIN","x-content-type-options":"nosniff","alt-svc":"h3=\":443\"; ma=2592000,h3-29=\":443\"; ma=2592000,h3-Q050=\":443\"; ma=2592000,h3-Q046=\":443\"; ma=2592000,h3-Q043=\":443\"; ma=2592000,quic=\":443\"; ma=2592000; v=\"46,43\"","accept-ranges":"none","transfer-encoding":"chunked"}
[debug] [2021-12-21T21:41:28.769Z] >>> HTTP REQUEST POST https://cloudresourcemanager.googleapis.com/v1/projects/the-evergreen-project:testIamPermissions  
 {"permissions":["firebase.projects.get","firebasehosting.sites.update"]}
[debug] [2021-12-21T21:41:29.126Z] <<< HTTP RESPONSE 200 {"content-type":"application/json; charset=UTF-8","vary":"X-Origin, Referer, Origin,Accept-Encoding","date":"Tue, 21 Dec 2021 21:41:29 GMT","server":"ESF","cache-control":"private","x-xss-protection":"0","x-frame-options":"SAMEORIGIN","x-content-type-options":"nosniff","server-timing":"gfet4t7; dur=138","alt-svc":"h3=\":443\"; ma=2592000,h3-29=\":443\"; ma=2592000,h3-Q050=\":443\"; ma=2592000,h3-Q046=\":443\"; ma=2592000,h3-Q043=\":443\"; ma=2592000,quic=\":443\"; ma=2592000; v=\"46,43\"","accept-ranges":"none","transfer-encoding":"chunked"}
[debug] [2021-12-21T21:41:29.129Z] > refreshing access token with scopes: []
[debug] [2021-12-21T21:41:29.129Z] >>> HTTP REQUEST POST https://www.googleapis.com/oauth2/v3/token  
 <request body omitted>
[debug] [2021-12-21T21:41:29.248Z] <<< HTTP RESPONSE 200 {"pragma":"no-cache","cache-control":"no-cache, no-store, max-age=0, must-revalidate","date":"Tue, 21 Dec 2021 21:41:29 GMT","expires":"Mon, 01 Jan 1990 00:00:00 GMT","content-type":"application/json; charset=utf-8","vary":"X-Origin, Referer, Origin,Accept-Encoding","server":"scaffolding on HTTPServer2","x-xss-protection":"0","x-frame-options":"SAMEORIGIN","x-content-type-options":"nosniff","alt-svc":"h3=\":443\"; ma=2592000,h3-29=\":443\"; ma=2592000,h3-Q050=\":443\"; ma=2592000,h3-Q046=\":443\"; ma=2592000,h3-Q043=\":443\"; ma=2592000,quic=\":443\"; ma=2592000; v=\"46,43\"","accept-ranges":"none","transfer-encoding":"chunked"}
[debug] [2021-12-21T21:41:29.280Z] >>> [apiv2][query] GET https://firebase.googleapis.com/v1beta1/projects/the-evergreen-project [none]
[debug] [2021-12-21T21:41:29.723Z] <<< [apiv2][status] GET https://firebase.googleapis.com/v1beta1/projects/the-evergreen-project 200
[debug] [2021-12-21T21:41:29.724Z] <<< [apiv2][body] GET https://firebase.googleapis.com/v1beta1/projects/the-evergreen-project {"projectId":"the-evergreen-project","projectNumber":"95102526674","displayName":"the-evergreen-project","name":"projects/the-evergreen-project","resources":{"hostingSite":"the-evergreen-project"},"state":"ACTIVE"}
[info] 
[info] === Deploying to 'the-evergreen-project'...
[info] 
[info] i  deploying hosting 
[debug] [2021-12-21T21:41:29.732Z] > refreshing access token with scopes: ["email","https://www.googleapis.com/auth/cloud-platform","https://www.googleapis.com/auth/cloudplatformprojects.readonly","https://www.googleapis.com/auth/firebase","openid"]
[debug] [2021-12-21T21:41:29.732Z] >>> HTTP REQUEST POST https://www.googleapis.com/oauth2/v3/token  
 <request body omitted>
[debug] [2021-12-21T21:41:29.872Z] <<< HTTP RESPONSE 200 {"cache-control":"no-cache, no-store, max-age=0, must-revalidate","pragma":"no-cache","date":"Tue, 21 Dec 2021 21:41:29 GMT","expires":"Mon, 01 Jan 1990 00:00:00 GMT","content-type":"application/json; charset=utf-8","vary":"X-Origin, Referer, Origin,Accept-Encoding","server":"scaffolding on HTTPServer2","x-xss-protection":"0","x-frame-options":"SAMEORIGIN","x-content-type-options":"nosniff","alt-svc":"h3=\":443\"; ma=2592000,h3-29=\":443\"; ma=2592000,h3-Q050=\":443\"; ma=2592000,h3-Q046=\":443\"; ma=2592000,h3-Q043=\":443\"; ma=2592000,quic=\":443\"; ma=2592000; v=\"46,43\"","accept-ranges":"none","transfer-encoding":"chunked"}
[debug] [2021-12-21T21:41:29.918Z] >>> HTTP REQUEST POST https://firebasehosting.googleapis.com/v1beta1/sites/the-evergreen-project/versions  
 {"config":{"rewrites":[{"glob":"**","path":"/index.html"}]},"labels":{"deployment-tool":"cli-firebase"}}
[debug] [2021-12-21T21:41:30.675Z] <<< HTTP RESPONSE 200 {"content-type":"application/json; charset=UTF-8","vary":"X-Origin, Referer, Origin,Accept-Encoding","date":"Tue, 21 Dec 2021 21:41:30 GMT","server":"ESF","cache-control":"private","x-xss-protection":"0","x-frame-options":"SAMEORIGIN","x-content-type-options":"nosniff","alt-svc":"h3=\":443\"; ma=2592000,h3-29=\":443\"; ma=2592000,h3-Q050=\":443\"; ma=2592000,h3-Q046=\":443\"; ma=2592000,h3-Q043=\":443\"; ma=2592000,quic=\":443\"; ma=2592000; v=\"46,43\"","accept-ranges":"none","transfer-encoding":"chunked"}
[info] i  hosting[the-evergreen-project]: beginning deploy... 
[info] i  hosting[the-evergreen-project]: found 18 files in build 
[debug] [2021-12-21T21:41:31.050Z] > refreshing access token with scopes: []
[debug] [2021-12-21T21:41:31.051Z] >>> HTTP REQUEST POST https://www.googleapis.com/oauth2/v3/token  
 <request body omitted>
[debug] [2021-12-21T21:41:31.055Z] [hosting] hash cache [YnVpbGQ] stored for 18 files
[debug] [2021-12-21T21:41:31.055Z] [hosting][hash queue][FINAL] {"max":336,"min":55,"avg":77.22222222222223,"active":0,"complete":18,"success":18,"errored":0,"retried":0,"total":18,"elapsed":348}
[debug] [2021-12-21T21:41:31.181Z] <<< HTTP RESPONSE 200 {"expires":"Mon, 01 Jan 1990 00:00:00 GMT","pragma":"no-cache","cache-control":"no-cache, no-store, max-age=0, must-revalidate","date":"Tue, 21 Dec 2021 21:41:31 GMT","content-type":"application/json; charset=utf-8","vary":"X-Origin, Referer, Origin,Accept-Encoding","server":"scaffolding on HTTPServer2","x-xss-protection":"0","x-frame-options":"SAMEORIGIN","x-content-type-options":"nosniff","alt-svc":"h3=\":443\"; ma=2592000,h3-29=\":443\"; ma=2592000,h3-Q050=\":443\"; ma=2592000,h3-Q046=\":443\"; ma=2592000,h3-Q043=\":443\"; ma=2592000,quic=\":443\"; ma=2592000; v=\"46,43\"","accept-ranges":"none","transfer-encoding":"chunked"}
[debug] [2021-12-21T21:41:31.227Z] >>> [apiv2][query] POST https://firebasehosting.googleapis.com/v1beta1/sites/the-evergreen-project/versions/e27cdbeb7f0497a8:populateFiles [none]
[debug] [2021-12-21T21:41:31.227Z] >>> [apiv2][body] POST https://firebasehosting.googleapis.com/v1beta1/sites/the-evergreen-project/versions/e27cdbeb7f0497a8:populateFiles {"files":{"/asset-manifest.json":"254b75b5bd6e2665dd7e754cdaf8e1003952875940a19d576c20a1fea9ee41a3","/index.html":"53bd44510b7101c570688772a25dad7dd47a86fcacca028f03971250181ab27e","/static/js/main.3809b180.js.LICENSE.txt":"96d04df767f40f8a2517ec3c61ac54c7c577db8e9b5826f3f9af9fed5b5b106b","/static/media/about.890145006cbf2fe941ced96382b8e729.svg":"1635464c4acb040c7053cc7a8972a46f3cb8ae88218500e4441d1feca83d1bbe","/static/media/archive.4efe4de5fca82b7a6bc1297a11d7694c.svg":"a0aac606ef46fdcf5aafbd8b8b1875ea7b782d3e2918b41273022ff080a39dbc","/static/css/main.e228defa.css":"1392808501379365590ea61eaa986c3ff510b59a69f7d3423dc3a7df689da7f8","/static/media/book.e3753038534d25d24fd3e770aec8567c.svg":"75406fc8cd25c7ad390849854208cc2b01bd503e8f16d0845ab314fef95072f4","/manifest.json":"6aaf3d87dd9bb1e96f9c691c50d0ed378ed98a120a76dea78291281834cd36e9","/static/media/cemetery.ca7a5c4909162fd1d723149ba17cb0f8.svg":"31191897a7a25e5a47353b3cce4b553cf7502c19a91ad16a3db5f614daad938c","/static/css/main.e228defa.css.map":"6deab6cbe02fa2a0f4392fc420ab7fccd3efe59ad3750e3f24d58e977965edea","/static/media/donate.2baccffa08a1c3d2ce30f8676d92e90e.svg":"c7c0ab4aa0dde3e3ba6e6d6f36013640c3a425b16facaa0a53d05f0ed21d84a8","/static/media/chart.57f68bfc59e8ba740a3dfd97a674f62e.svg":"ff524f2f2da73001ef054c0c4593357a2547c48a4410adb42564649affbaf0dd","/static/media/arrow-down.52d9586dc231136faae08e99c3455ec9.svg":"9c9d65f95c6598261d508bc4830ac4800a61bb39e885c57aa91347dcc4552331","/static/media/temple.e54310516cad115eeafb04895e91cd11.svg":"c7c8d31524b4c34ce6844bfa70d5656a6721f7a45303a1e5da05b07453c3c9d7","/favicon.ico":"b72f7455f00e4e58792d2bca892abb068e2213838c0316d6b7a0d6d16acd1955","/static/media/eye.0b84d30f48ce9808c68319f03f0570b8.svg":"a84c3acf8361cd28fa91d4068fee8884146cadc4d0367a9c2d653ae541f65556","/static/js/main.3809b180.js":"5a1a06b2ceedcbb244481f2a1e28933ca8da8c6750dcc3cf9a9c24d7f332773d","/static/js/main.3809b180.js.map":"4af5495261f3e6dd5f299a43f281edd6bde462f2644664436702582186c2e396"}}
[debug] [2021-12-21T21:41:31.744Z] <<< [apiv2][status] POST https://firebasehosting.googleapis.com/v1beta1/sites/the-evergreen-project/versions/e27cdbeb7f0497a8:populateFiles 200
[debug] [2021-12-21T21:41:31.744Z] <<< [apiv2][body] POST https://firebasehosting.googleapis.com/v1beta1/sites/the-evergreen-project/versions/e27cdbeb7f0497a8:populateFiles {"uploadRequiredHashes":["6deab6cbe02fa2a0f4392fc420ab7fccd3efe59ad3750e3f24d58e977965edea","1392808501379365590ea61eaa986c3ff510b59a69f7d3423dc3a7df689da7f8","4af5495261f3e6dd5f299a43f281edd6bde462f2644664436702582186c2e396","53bd44510b7101c570688772a25dad7dd47a86fcacca028f03971250181ab27e","254b75b5bd6e2665dd7e754cdaf8e1003952875940a19d576c20a1fea9ee41a3","5a1a06b2ceedcbb244481f2a1e28933ca8da8c6750dcc3cf9a9c24d7f332773d"],"uploadUrl":"https://upload-firebasehosting.googleapis.com/upload/sites/the-evergreen-project/versions/e27cdbeb7f0497a8/files"}
[debug] [2021-12-21T21:41:31.748Z] >>> [apiv2][query] POST https://upload-firebasehosting.googleapis.com/upload/sites/the-evergreen-project/versions/e27cdbeb7f0497a8/files/6deab6cbe02fa2a0f4392fc420ab7fccd3efe59ad3750e3f24d58e977965edea [none]
[debug] [2021-12-21T21:41:31.748Z] >>> [apiv2][body] POST https://upload-firebasehosting.googleapis.com/upload/sites/the-evergreen-project/versions/e27cdbeb7f0497a8/files/6deab6cbe02fa2a0f4392fc420ab7fccd3efe59ad3750e3f24d58e977965edea [stream]
[debug] [2021-12-21T21:41:31.752Z] >>> [apiv2][query] POST https://upload-firebasehosting.googleapis.com/upload/sites/the-evergreen-project/versions/e27cdbeb7f0497a8/files/1392808501379365590ea61eaa986c3ff510b59a69f7d3423dc3a7df689da7f8 [none]
[debug] [2021-12-21T21:41:31.752Z] >>> [apiv2][body] POST https://upload-firebasehosting.googleapis.com/upload/sites/the-evergreen-project/versions/e27cdbeb7f0497a8/files/1392808501379365590ea61eaa986c3ff510b59a69f7d3423dc3a7df689da7f8 [stream]
[debug] [2021-12-21T21:41:31.754Z] >>> [apiv2][query] POST https://upload-firebasehosting.googleapis.com/upload/sites/the-evergreen-project/versions/e27cdbeb7f0497a8/files/4af5495261f3e6dd5f299a43f281edd6bde462f2644664436702582186c2e396 [none]
[debug] [2021-12-21T21:41:31.754Z] >>> [apiv2][body] POST https://upload-firebasehosting.googleapis.com/upload/sites/the-evergreen-project/versions/e27cdbeb7f0497a8/files/4af5495261f3e6dd5f299a43f281edd6bde462f2644664436702582186c2e396 [stream]
[debug] [2021-12-21T21:41:31.758Z] >>> [apiv2][query] POST https://upload-firebasehosting.googleapis.com/upload/sites/the-evergreen-project/versions/e27cdbeb7f0497a8/files/53bd44510b7101c570688772a25dad7dd47a86fcacca028f03971250181ab27e [none]
[debug] [2021-12-21T21:41:31.758Z] >>> [apiv2][body] POST https://upload-firebasehosting.googleapis.com/upload/sites/the-evergreen-project/versions/e27cdbeb7f0497a8/files/53bd44510b7101c570688772a25dad7dd47a86fcacca028f03971250181ab27e [stream]
[debug] [2021-12-21T21:41:31.760Z] >>> [apiv2][query] POST https://upload-firebasehosting.googleapis.com/upload/sites/the-evergreen-project/versions/e27cdbeb7f0497a8/files/254b75b5bd6e2665dd7e754cdaf8e1003952875940a19d576c20a1fea9ee41a3 [none]
[debug] [2021-12-21T21:41:31.760Z] >>> [apiv2][body] POST https://upload-firebasehosting.googleapis.com/upload/sites/the-evergreen-project/versions/e27cdbeb7f0497a8/files/254b75b5bd6e2665dd7e754cdaf8e1003952875940a19d576c20a1fea9ee41a3 [stream]
[debug] [2021-12-21T21:41:31.762Z] >>> [apiv2][query] POST https://upload-firebasehosting.googleapis.com/upload/sites/the-evergreen-project/versions/e27cdbeb7f0497a8/files/5a1a06b2ceedcbb244481f2a1e28933ca8da8c6750dcc3cf9a9c24d7f332773d [none]
[debug] [2021-12-21T21:41:31.762Z] >>> [apiv2][body] POST https://upload-firebasehosting.googleapis.com/upload/sites/the-evergreen-project/versions/e27cdbeb7f0497a8/files/5a1a06b2ceedcbb244481f2a1e28933ca8da8c6750dcc3cf9a9c24d7f332773d [stream]
[debug] [2021-12-21T21:41:31.764Z] [hosting][populate queue][FINAL] {"max":698,"min":698,"avg":698,"active":0,"complete":1,"success":1,"errored":0,"retried":0,"total":1,"elapsed":714}
[debug] [2021-12-21T21:41:31.768Z] [hosting] uploads queued: 6
